<?xml version="1.0" encoding="UTF-8"?>
<!-- Generated by org.testng.reporters.JUnitReportReporter -->
<testsuite skipped="0" hostname="krishnas-Air" name="com.crm.qa.testcases.LoginPageTest" tests="2" failures="0" timestamp="24 Jun 2019 03:57:25 GMT" time="16.076" errors="0">
  <testcase name="loginPageTileTest" time="8.567" classname="com.crm.qa.testcases.LoginPageTest"/>
  <testcase name="loginTest" time="7.509" classname="com.crm.qa.testcases.LoginPageTest"/>
</testsuite> <!-- com.crm.qa.testcases.LoginPageTest -->
