<?xml version="1.0" encoding="UTF-8"?>
<!-- Generated by org.testng.reporters.JUnitReportReporter -->
<testsuite skipped="0" hostname="krishnas-Air" name="com.crm.qa.testcases.LoginPageTest" tests="2" failures="0" timestamp="20 Jun 2019 04:22:52 GMT" time="15.214" errors="0">
  <testcase name="loginPageTileTest" time="7.753" classname="com.crm.qa.testcases.LoginPageTest"/>
  <testcase name="loginTest" time="7.461" classname="com.crm.qa.testcases.LoginPageTest"/>
</testsuite> <!-- com.crm.qa.testcases.LoginPageTest -->
