<?xml version="1.0" encoding="UTF-8"?>
<!-- Generated by org.testng.reporters.JUnitReportReporter -->
<testsuite skipped="0" hostname="krishnas-Air" name="com.crm.qa.testcases.ContactsPageTest" tests="4" failures="0" timestamp="20 Jun 2019 04:22:52 GMT" time="144.041" errors="0">
  <testcase name="verifyContactTest" time="30.404" classname="com.crm.qa.testcases.ContactsPageTest"/>
  <testcase name="verifyNewContactPageTest" time="39.912" classname="com.crm.qa.testcases.ContactsPageTest"/>
  <testcase name="verifyNewContactTest" time="40.071" classname="com.crm.qa.testcases.ContactsPageTest"/>
  <testcase name="verifyNewContactTest" time="33.654" classname="com.crm.qa.testcases.ContactsPageTest"/>
</testsuite> <!-- com.crm.qa.testcases.ContactsPageTest -->
