<?xml version="1.0" encoding="UTF-8"?>
<!-- Generated by org.testng.reporters.JUnitReportReporter -->
<testsuite skipped="1" hostname="krishnas-Air" name="com.crm.qa.testcases.HomePageTest" tests="2" failures="0" timestamp="20 Jun 2019 04:22:52 GMT" time="8.502" errors="0">
  <testcase name="verifyHomePage" time="8.502" classname="com.crm.qa.testcases.HomePageTest"/>
  <testcase name="verifyContactPage" classname="com.crm.qa.testcases.HomePageTest">
    <skipped/>
  </testcase> <!-- verifyContactPage -->
</testsuite> <!-- com.crm.qa.testcases.HomePageTest -->
